C51 COMPILER V9.01   LED                                                                   08/06/2018 22:59:27 PAGE 1   


C51 COMPILER V9.01, COMPILATION OF MODULE LED
OBJECT MODULE PLACED IN led.obj
COMPILER INVOKED BY: E:\Keil4\C51\BIN\C51.EXE src\driver\led.c BROWSE INCDIR(.\src\app;.\src\include;.\src\driver) DEBUG
                    - OBJECTEXTEND PRINT(.\led.lst) OBJECT(led.obj)

line level    source

   1          #include "led.h"
   2          
   3          void initLed(){
   4   1         P0 = 0x00;
   5   1      }


MODULE INFORMATION:   STATIC OVERLAYABLE
   CODE SIZE        =      4    ----
   CONSTANT SIZE    =   ----    ----
   XDATA SIZE       =   ----    ----
   PDATA SIZE       =   ----    ----
   DATA SIZE        =   ----    ----
   IDATA SIZE       =   ----    ----
   BIT SIZE         =   ----    ----
END OF MODULE INFORMATION.


C51 COMPILATION COMPLETE.  0 WARNING(S),  0 ERROR(S)
